<?xml version="1.0" encoding="UTF-8"?>
<!-- Generated by org.testng.reporters.JUnitReportReporter -->
<testsuite hostname="DESKTOP-43VGOBD" failures="0" tests="3" name="testNGExample.OranageHRM" time="20.920" errors="0" timestamp="2023-10-09T23:03:08 IST" skipped="0">
  <testcase classname="testNGExample.OranageHRM" name="CreatePIM" time="6.877"/>
  <system-out/>
  <testcase classname="testNGExample.OranageHRM" name="editPIM" time="9.164"/>
  <system-out/>
  <testcase classname="testNGExample.OranageHRM" name="deletePIM" time="4.879"/>
  <system-out/>
</testsuite> <!-- testNGExample.OranageHRM -->
