<?xml version="1.0" encoding="UTF-8"?>
<!-- Generated by org.testng.reporters.JUnitReportReporter -->
<testsuite hostname="DESKTOP-AT0PBV3" failures="0" tests="1" name="sauceDemo.SauceDemo" time="0.007" errors="0" timestamp="2023-10-08T18:13:05 IST" skipped="0">
  <testcase classname="sauceDemo.SauceDemo" name="f" time="0.007"/>
  <system-out/>
</testsuite> <!-- sauceDemo.SauceDemo -->
