<?xml version="1.0" encoding="UTF-8"?>
<!-- Generated by org.testng.reporters.JUnitReportReporter -->
<testsuite hostname="DESKTOP-AT0PBV3" failures="0" tests="8" name="testNGExample.Actitime" time="74.104" errors="0" timestamp="2023-10-05T19:45:26 IST" skipped="0">
  <testcase classname="testNGExample.Actitime" name="validateHomePageTitle" time="52.146"/>
  <system-out/>
  <testcase classname="testNGExample.Actitime" name="createTask" time="19.033"/>
  <system-out/>
  <testcase classname="testNGExample.Actitime" name="EnterTask" time="0.478"/>
  <system-out/>
  <testcase classname="testNGExample.Actitime" name="EnterTask" time="0.334"/>
  <system-out/>
  <testcase classname="testNGExample.Actitime" name="EnterTask" time="0.370"/>
  <system-out/>
  <testcase classname="testNGExample.Actitime" name="EnterTask" time="0.300"/>
  <system-out/>
  <testcase classname="testNGExample.Actitime" name="EnterTask" time="0.306"/>
  <system-out/>
  <testcase classname="testNGExample.Actitime" name="clickCreateTask" time="1.137"/>
  <system-out/>
</testsuite> <!-- testNGExample.Actitime -->
