<?xml version="1.0" encoding="UTF-8"?>
<!-- Generated by org.testng.reporters.JUnitReportReporter -->
<testsuite hostname="DESKTOP-AT0PBV3" failures="0" tests="1" name="testNGExample.OrangeHrmPIM2" time="15.351" errors="0" timestamp="2023-10-07T16:09:55 IST" skipped="0">
  <testcase classname="testNGExample.OrangeHrmPIM2" name="editPIM" time="15.351"/>
  <system-out/>
</testsuite> <!-- testNGExample.OrangeHrmPIM2 -->
